#
# A fatal error has been detected by the Java Runtime Environment:
#
#  EXCEPTION_ACCESS_VIOLATION (0xc0000005) at pc=0x000000005920a0b3, pid=9836, tid=0x0000000000002850
#
# JRE version: Java(TM) SE Runtime Environment (8.0_101-b13) (build 1.8.0_101-b13)
# Java VM: Java HotSpot(TM) 64-Bit Server VM (25.101-b13 mixed mode windows-amd64 compressed oops)
# Problematic frame:
# V  [jvm.dll+0x12a0b3]
#
# Failed to write core dump. Minidumps are not enabled by default on client versions of Windows
#
# If you would like to submit a bug report, please visit:
#   http://bugreport.java.com/bugreport/crash.jsp
#

---------------  T H R E A D  ---------------

Current thread (0x0000000058816000):  JavaThread "JDWP Transport Listener: dt_socket" daemon [_thread_in_vm, id=10320, stack(0x0000000059af0000,0x0000000059bf0000)]

siginfo: ExceptionCode=0xc0000005, reading address 0xffffffffffffffff

Registers:
RAX=0x0000000059bef301, RBX=0x74894808245c8948, RCX=0x000000005e959a00, RDX=0x0000000000000000
RSP=0x0000000059bef340, RBP=0x000000005e959a00, RSI=0x0000000059bef458, RDI=0x0000000002489e10
R8 =0x0000000058816000, R9 =0x000000ffffffffff, R10=0x0000000002310470, R11=0x00000000588fb6f0
R12=0x0000000000000000, R13=0x0000000058816d08, R14=0x0000000000000000, R15=0x0000000000000000
RIP=0x000000005920a0b3, EFLAGS=0x0000000000010206

Top of Stack: (sp=0x0000000059bef340)
0x0000000059bef340:   0000000058816000 0000000058816000
0x0000000059bef350:   0000000059bef408 0000000059412f0b
0x0000000059bef360:   0000000058816000 000000005942f76d
0x0000000059bef370:   000000000000003f 000000005e959155
0x0000000059bef380:   0000000058925fd0 000000005e96291e
0x0000000059bef390:   0000000058816000 0000000000000000
0x0000000059bef3a0:   0000000000000000 0000000000000000
0x0000000059bef3b0:   000000005e959a00 000000005e961a15
0x0000000059bef3c0:   0000000059bef458 0000000059bef430
0x0000000059bef3d0:   0000000000000001 0000000058925fd0
0x0000000059bef3e0:   000000005e959a00 000000005e9453b3
0x0000000059bef3f0:   0000000059bef520 0000000000000001
0x0000000059bef400:   0000000000000001 0000000058925fd0
0x0000000059bef410:   0000000000000001 0000000000000000
0x0000000059bef420:   0000000000000000 0000000000000000
0x0000000059bef430:   0000000000000001 000000005e945571 

Instructions: (pc=0x000000005920a0b3)
0x000000005920a093:   28 48 85 c9 75 07 33 c0 48 83 c4 28 c3 48 89 5c
0x000000005920a0a3:   24 20 48 8b 19 48 85 db 74 20 48 83 fb 37 74 1a
0x000000005920a0b3:   48 8b 13 48 8b cb ff 52 10 84 c0 74 0d 48 8b c3
0x000000005920a0c3:   48 8b 5c 24 20 48 83 c4 28 c3 33 c0 48 8b 5c 24 


Register to memory mapping:

RAX=0x0000000059bef301 is pointing into the stack for thread: 0x0000000058816000
RBX=0x74894808245c8948 is an unknown value
RCX=0x000000005e959a00 is an unknown value
RDX=0x0000000000000000 is an unknown value
RSP=0x0000000059bef340 is pointing into the stack for thread: 0x0000000058816000
RBP=0x000000005e959a00 is an unknown value
RSI=0x0000000059bef458 is pointing into the stack for thread: 0x0000000058816000
RDI=0x0000000002489e10 is an unknown value
R8 =0x0000000058816000 is a thread
R9 =0x000000ffffffffff is an unknown value
R10=0x0000000002310470 is an unknown value
R11=0x00000000588fb6f0 is an unknown value
R12=0x0000000000000000 is an unknown value
R13=0x0000000058816d08 is an unknown value
R14=0x0000000000000000 is an unknown value
R15=0x0000000000000000 is an unknown value


Stack: [0x0000000059af0000,0x0000000059bf0000],  sp=0x0000000059bef340,  free space=1020k
Native frames: (J=compiled Java code, j=interpreted, Vv=VM code, C=native code)
V  [jvm.dll+0x12a0b3]
V  [jvm.dll+0x34f76d]
C  [jdwp.dll+0x21a15]
C  [jdwp.dll+0x53b3]
C  [jdwp.dll+0x5571]
C  [jdwp.dll+0xf0a8]
C  [jdwp.dll+0x1f2d5]
C  [jdwp.dll+0x1f4aa]
V  [jvm.dll+0x1bd258]
V  [jvm.dll+0x2451a4]
V  [jvm.dll+0x29c18a]
C  [msvcr100.dll+0x21d9f]
C  [msvcr100.dll+0x21e3b]
C  [kernel32.dll+0x159cd]
C  [ntdll.dll+0x2a561]


---------------  P R O C E S S  ---------------

Java Threads: ( => current thread )
  0x0000000058845000 JavaThread "Service Thread" daemon [_thread_blocked, id=3056, stack(0x000000005a3e0000,0x000000005a4e0000)]
  0x0000000058844800 JavaThread "C1 CompilerThread2" daemon [_thread_blocked, id=8808, stack(0x000000005a170000,0x000000005a270000)]
  0x000000005883b800 JavaThread "C2 CompilerThread1" daemon [_thread_blocked, id=3872, stack(0x0000000059990000,0x0000000059a90000)]
  0x0000000058842800 JavaThread "C2 CompilerThread0" daemon [_thread_blocked, id=8156, stack(0x000000005a070000,0x000000005a170000)]
  0x000000005882a800 JavaThread "JDWP Command Reader" daemon [_thread_in_native, id=9716, stack(0x0000000059ec0000,0x0000000059fc0000)]
  0x0000000058827800 JavaThread "JDWP Event Helper Thread" daemon [_thread_blocked, id=9872, stack(0x0000000059cc0000,0x0000000059dc0000)]
=>0x0000000058816000 JavaThread "JDWP Transport Listener: dt_socket" daemon [_thread_in_vm, id=10320, stack(0x0000000059af0000,0x0000000059bf0000)]
  0x00000000587fb000 JavaThread "Attach Listener" daemon [_thread_blocked, id=6356, stack(0x0000000058d80000,0x0000000058e80000)]
  0x00000000587f8800 JavaThread "Signal Dispatcher" daemon [_thread_blocked, id=11132, stack(0x0000000058c20000,0x0000000058d20000)]
  0x000000005746a000 JavaThread "Finalizer" daemon [_thread_blocked, id=10216, stack(0x00000000586f0000,0x00000000587f0000)]
  0x0000000057423000 JavaThread "Reference Handler" daemon [_thread_blocked, id=7272, stack(0x00000000585a0000,0x00000000586a0000)]
  0x0000000002348000 JavaThread "main" [_thread_blocked, id=2172, stack(0x00000000026e0000,0x00000000027e0000)]

Other Threads:
  0x000000005741b800 VMThread [stack: 0x00000000583c0000,0x00000000584c0000] [id=8984]
  0x0000000058846000 WatcherThread [stack: 0x0000000058ea0000,0x0000000058fa0000] [id=9300]

VM state:not at safepoint (normal execution)

VM Mutex/Monitor currently owned by a thread: None

Heap:
 PSYoungGen      total 38400K, used 2662K [0x00000000d5d00000, 0x00000000d8780000, 0x0000000100000000)
  eden space 33280K, 8% used [0x00000000d5d00000,0x00000000d5f99a58,0x00000000d7d80000)
  from space 5120K, 0% used [0x00000000d8280000,0x00000000d8280000,0x00000000d8780000)
  to   space 5120K, 0% used [0x00000000d7d80000,0x00000000d7d80000,0x00000000d8280000)
 ParOldGen       total 87552K, used 0K [0x0000000081600000, 0x0000000086b80000, 0x00000000d5d00000)
  object space 87552K, 0% used [0x0000000081600000,0x0000000081600000,0x0000000086b80000)
 Metaspace       used 3029K, capacity 4566K, committed 4864K, reserved 1056768K
  class space    used 332K, capacity 390K, committed 512K, reserved 1048576K

Card table byte_map: [0x0000000011ba0000,0x0000000011fa0000] byte_map_base: 0x0000000011795000

Marking Bits: (ParMarkBitMap*) 0x00000000598fa6d0
 Begin Bits: [0x0000000012740000, 0x00000000146e8000)
 End Bits:   [0x00000000146e8000, 0x0000000016690000)

Polling page: 0x0000000000130000

CodeCache: size=245760Kb used=1116Kb max_used=1116Kb free=244643Kb
 bounds [0x00000000027e0000, 0x0000000002a50000, 0x00000000117e0000]
 total_blobs=268 nmethods=39 adapters=150
 compilation: enabled

Compilation events (10 events):
Event: 0.368 Thread 0x0000000058844800   33       1       java.net.URL::getFile (5 bytes)
Event: 0.368 Thread 0x0000000058844800 nmethod 33 0x00000000028f47d0 code [0x00000000028f4920, 0x00000000028f4a30]
Event: 0.368 Thread 0x0000000058844800   35       3       java.lang.String::startsWith (7 bytes)
Event: 0.369 Thread 0x0000000058844800 nmethod 35 0x00000000028f4a90 code [0x00000000028f4c00, 0x00000000028f4e28]
Event: 0.369 Thread 0x0000000058844800   36       3       java.lang.String::indexOf (166 bytes)
Event: 0.370 Thread 0x0000000058844800 nmethod 36 0x00000000028f5650 code [0x00000000028f5800, 0x00000000028f5e50]
Event: 0.370 Thread 0x0000000058844800   37       3       java.lang.AbstractStringBuilder::append (50 bytes)
Event: 0.371 Thread 0x0000000058844800 nmethod 37 0x00000000028f6250 code [0x00000000028f63e0, 0x00000000028f68e8]
Event: 0.425 Thread 0x0000000058844800   38       3       java.util.concurrent.ConcurrentHashMap::tabAt (21 bytes)
Event: 0.426 Thread 0x0000000058844800 nmethod 38 0x00000000028f6e90 code [0x00000000028f6fe0, 0x00000000028f7210]

GC Heap History (0 events):
No events

Deoptimization events (0 events):
No events

Internal exceptions (2 events):
Event: 0.074 Thread 0x0000000002348000 Exception <a 'java/lang/NoSuchMethodError': Method sun.misc.Unsafe.defineClass(Ljava/lang/String;[BII)Ljava/lang/Class; name or signature does not match> (0x00000000d5d07cc0) thrown at [C:\re\workspace\8-2-build-windows-amd64-cygwin\jdk8u101\7261\hotspot\s—šš!³?
Event: 0.075 Thread 0x0000000002348000 Exception <a 'java/lang/NoSuchMethodError': Method sun.misc.Unsafe.prefetchRead(Ljava/lang/Object;J)V name or signature does not match> (0x00000000d5d07fa8) thrown at [C:\re\workspace\8-2-build-windows-amd64-cygwin\jdk8u101\7261\hotspot\src\share\vm\prims\

Events (10 events):
Event: 1278.953 Executing VM operation: ChangeBreakpoints
Event: 1278.953 Executing VM operation: ChangeBreakpoints done
Event: 1887.891 Executing VM operation: ChangeBreakpoints
Event: 1887.891 Executing VM operation: ChangeBreakpoints done
Event: 1887.896 Executing VM operation: ChangeBreakpoints
Event: 1887.896 Executing VM operation: ChangeBreakpoints done
Event: 1887.907 Executing VM operation: RedefineClasses
Event: 1887.908 Executing VM operation: RedefineClasses done
Event: 1887.933 Executing VM operation: GetOrSetLocal
Event: 1887.934 Executing VM operation: GetOrSetLocal done


Dynamic libraries:
0x000000013f770000 - 0x000000013f7a7000 	D:\Software\Java\jdk1.8.0_101\bin\java.exe
0x0000000077700000 - 0x00000000778aa000 	C:\Windows\SYSTEM32\ntdll.dll
0x00000000775e0000 - 0x00000000776ff000 	C:\Windows\system32\kernel32.dll
0x000007fefd490000 - 0x000007fefd4fa000 	C:\Windows\system32\KERNELBASE.dll
0x000007feff150000 - 0x000007feff22b000 	C:\Windows\system32\ADVAPI32.dll
0x000007fefdc40000 - 0x000007fefdcdf000 	C:\Windows\system32\msvcrt.dll
0x000007feff5c0000 - 0x000007feff5df000 	C:\Windows\SYSTEM32\sechost.dll
0x000007fefd9c0000 - 0x000007fefdaed000 	C:\Windows\system32\RPCRT4.dll
0x00000000774e0000 - 0x00000000775da000 	C:\Windows\system32\USER32.dll
0x000007fefdb00000 - 0x000007fefdb67000 	C:\Windows\system32\GDI32.dll
0x000007fefdaf0000 - 0x000007fefdafe000 	C:\Windows\system32\LPK.dll
0x000007fefdb70000 - 0x000007fefdc3b000 	C:\Windows\system32\USP10.dll
0x000007fefc410000 - 0x000007fefc604000 	C:\Windows\WinSxS\amd64_microsoft.windows.common-controls_6595b64144ccf1df_6.0.7601.18837_none_fa3b1e3d17594757\COMCTL32.dll
0x000007feff5e0000 - 0x000007feff651000 	C:\Windows\system32\SHLWAPI.dll
0x000007fefd7b0000 - 0x000007fefd7de000 	C:\Windows\system32\IMM32.DLL
0x000007fefd860000 - 0x000007fefd969000 	C:\Windows\system32\MSCTF.dll
0x000000005a5f0000 - 0x000000005a6c2000 	D:\Software\Java\jdk1.8.0_101\jre\bin\msvcr100.dll
0x00000000590e0000 - 0x000000005997a000 	D:\Software\Java\jdk1.8.0_101\jre\bin\server\jvm.dll
0x000007feeeff0000 - 0x000007feeeff9000 	C:\Windows\system32\WSOCK32.dll
0x000007fefd970000 - 0x000007fefd9bd000 	C:\Windows\system32\WS2_32.dll
0x000007feff760000 - 0x000007feff768000 	C:\Windows\system32\NSI.dll
0x000007fefad30000 - 0x000007fefad6b000 	C:\Windows\system32\WINMM.dll
0x000007fefc170000 - 0x000007fefc17c000 	C:\Windows\system32\VERSION.dll
0x00000000778d0000 - 0x00000000778d7000 	C:\Windows\system32\PSAPI.DLL
0x000000006a760000 - 0x000000006a76f000 	D:\Software\Java\jdk1.8.0_101\jre\bin\verify.dll
0x00000000693d0000 - 0x00000000693f9000 	D:\Software\Java\jdk1.8.0_101\jre\bin\java.dll
0x000000005e940000 - 0x000000005e975000 	D:\Software\Java\jdk1.8.0_101\jre\bin\jdwp.dll
0x000000006a770000 - 0x000000006a778000 	D:\Software\Java\jdk1.8.0_101\jre\bin\npt.dll
0x000000006a740000 - 0x000000006a756000 	D:\Software\Java\jdk1.8.0_101\jre\bin\zip.dll
0x000007fefe0f0000 - 0x000007fefee7b000 	C:\Windows\system32\SHELL32.dll
0x000007feff770000 - 0x000007feff96c000 	C:\Windows\system32\ole32.dll
0x000007fefd400000 - 0x000007fefd40f000 	C:\Windows\system32\profapi.dll
0x00000000693c0000 - 0x00000000693c9000 	D:\Software\Java\jdk1.8.0_101\jre\bin\dt_socket.dll
0x000007fefcbc0000 - 0x000007fefcc15000 	C:\Windows\system32\mswsock.dll
0x000007fefc240000 - 0x000007fefc247000 	C:\Windows\System32\wshtcpip.dll
0x000007fef5ad0000 - 0x000007fef5bf5000 	C:\Windows\system32\dbghelp.dll

VM Arguments:
jvm_args: -agentlib:jdwp=transport=dt_socket,address=127.0.0.1:58778,suspend=y,server=n -Dfile.encoding=UTF-8 
java_command: jack.java8.stream.collect.CountingCollector
java_class_path (initial): D:\Software\Java\jdk1.8.0_101\jre\lib\charsets.jar;D:\Software\Java\jdk1.8.0_101\jre\lib\deploy.jar;D:\Software\Java\jdk1.8.0_101\jre\lib\ext\access-bridge-64.jar;D:\Software\Java\jdk1.8.0_101\jre\lib\ext\cldrdata.jar;D:\Software\Java\jdk1.8.0_101\jre\lib\ext\dnsns.jar;D:\Software\Java\jdk1.8.0_101\jre\lib\ext\jaccess.jar;D:\Software\Java\jdk1.8.0_101\jre\lib\ext\jfxrt.jar;D:\Software\Java\jdk1.8.0_101\jre\lib\ext\localedata.jar;D:\Software\Java\jdk1.8.0_101\jre\lib\ext\nashorn.jar;D:\Software\Java\jdk1.8.0_101\jre\lib\ext\sunec.jar;D:\Software\Java\jdk1.8.0_101\jre\lib\ext\sunjce_provider.jar;D:\Software\Java\jdk1.8.0_101\jre\lib\ext\sunmscapi.jar;D:\Software\Java\jdk1.8.0_101\jre\lib\ext\sunpkcs11.jar;D:\Software\Java\jdk1.8.0_101\jre\lib\ext\zipfs.jar;D:\Software\Java\jdk1.8.0_101\jre\lib\javaws.jar;D:\Software\Java\jdk1.8.0_101\jre\lib\jce.jar;D:\Software\Java\jdk1.8.0_101\jre\lib\jfr.jar;D:\Software\Java\jdk1.8.0_101\jre\lib\jfxswt.jar;D:\Software\Java\jdk1.8.0_101\jre\lib\jsse.jar;D:\Software\Java\jdk1.8.0_101\jre\lib\management-agent.jar;D:\Software\Java\jdk1.8.0_101\jre\lib\plugin.jar;D:\Software\Java\jdk1.8.0_101\jre\lib\resources.jar;D:\Software\Java\jdk1.8.0_101\jre\lib\rt.jar;C:\Users\D1M\Desktop\Java_core_play\stream_20181006\introduction\target\classes;C:\Users\D1M\.m2\repository\junit\junit\4.12\junit-4.12.jar;C:\Users\D1M\.m2\repository\org\hamcrest\hamcrest-core\1.3\hamcrest-core-1.3.jar;D:\Software\IntelliJ IDEA 2017.2.5\lib\idea_rt.jar
Launcher Type: SUN_STANDARD

Environment Variables:
JAVA_HOME=D:\Software\Java\jdk1.8.0_101
CLASSPATH=.;D:\Software\Java\jdk1.8.0_101\lib\dt.jar;D:\Software\Java\jdk1.8.0_101\lib\tools.jar;
PATH=C:\ProgramData\Oracle\Java\javapath;D:\Software\Maven\apache-maven-3.3.9\bin;D:\Software\database\MongoDB\Server\3.4\bin;C:\Windows\system32;C:\Windows;C:\Windows\System32\Wbem;C:\Windows\System32\WindowsPowerShell\v1.0\;C:\Program Files\WIDCOMM\Bluetooth Software\;C:\Program Files\WIDCOMM\Bluetooth Software\syswow64;C:\Program Files\MySQL\MySQL Server 5.7\bin;D:\Software\Jboss-swse\pdg-swset-JBoss-eap-6.2\bin;D:\Software\Java\jdk1.8.0_101\bin;D:\Software\PuTTY\;D:\Software\nodejs\;D:\Software\git\Git\cmd;C:\Users\D1M\AppData\Roaming\npm;C:\Program Files\Docker Toolbox
USERNAME=D1M
OS=Windows_NT
PROCESSOR_IDENTIFIER=Intel64 Family 6 Model 69 Stepping 1, GenuineIntel



---------------  S Y S T E M  ---------------

OS: Windows 7 , 64 bit Build 7601 (6.1.7601.23864)

CPU:total 4 (2 cores per cpu, 2 threads per core) family 6 model 69 stepping 1, cmov, cx8, fxsr, mmx, sse, sse2, sse3, ssse3, sse4.1, sse4.2, popcnt, avx, avx2, aes, clmul, erms, lzcnt, ht, tsc, tscinvbit, bmi1, bmi2

Memory: 4k page, physical 8290320k(1720264k free), swap 16578780k(8234912k free)

vm_info: Java HotSpot(TM) 64-Bit Server VM (25.101-b13) for windows-amd64 JRE (1.8.0_101-b13), built on Jun 22 2016 01:21:29 by "java_re" with MS VC++ 10.0 (VS2010)

time: Wed Oct 17 17:47:22 2018
elapsed time: 1888 seconds (0d 0h 31m 28s)

